[1523859817] Nagios 4.3.4 starting... (PID=198)
[1523859817] Local time is Mon Apr 16 14:23:37 CST 2018
[1523859817] LOG VERSION: 2.0
[1523859817] qh: Socket '/usr/local/nagios/var/rw/nagios.qh' successfully initialized
[1523859817] qh: core query handler registered
[1523859817] nerd: Channel hostchecks registered successfully
[1523859817] nerd: Channel servicechecks registered successfully
[1523859817] nerd: Channel opathchecks registered successfully
[1523859817] nerd: Fully initialized and ready to rock!
[1523859817] wproc: Successfully registered manager as @wproc with query handler
[1523859817] wproc: Registry request: name=Core Worker 200;pid=200
[1523859817] wproc: Registry request: name=Core Worker 202;pid=202
[1523859817] wproc: Registry request: name=Core Worker 207;pid=207
[1523859817] wproc: Registry request: name=Core Worker 205;pid=205
[1523859817] wproc: Registry request: name=Core Worker 201;pid=201
[1523859817] wproc: Registry request: name=Core Worker 213;pid=213
[1523859817] wproc: Registry request: name=Core Worker 204;pid=204
[1523859817] wproc: Registry request: name=Core Worker 209;pid=209
[1523859817] wproc: Registry request: name=Core Worker 211;pid=211
[1523859817] wproc: Registry request: name=Core Worker 206;pid=206
[1523859817] wproc: Registry request: name=Core Worker 210;pid=210
[1523859817] wproc: Registry request: name=Core Worker 208;pid=208
[1523859818] Successfully launched command file worker with pid 240
