[1522857600] LOG ROTATION: DAILY
[1522857600] LOG VERSION: 2.0
[1522857600] CURRENT HOST STATE: localhost;UP;HARD;1;PING OK - Packet loss = 0%, RTA = 0.14 ms
[1522857600] CURRENT SERVICE STATE: localhost;Current Load;OK;HARD;1;OK - load average: 1.05, 1.27, 0.77
[1522857600] CURRENT SERVICE STATE: localhost;Current Users;OK;HARD;1;USERS OK - 0 users currently logged in
[1522857600] CURRENT SERVICE STATE: localhost;HTTP;OK;HARD;1;HTTP OK: HTTP/1.1 200 OK - 11595 bytes in 0.002 second response time
[1522857600] CURRENT SERVICE STATE: localhost;PING;OK;HARD;1;PING OK - Packet loss = 0%, RTA = 0.11 ms
[1522857600] CURRENT SERVICE STATE: localhost;Root Partition;OK;HARD;1;DISK OK - free space: / 127787 MB (89.09% inode=99%):
[1522857600] CURRENT SERVICE STATE: localhost;SSH;OK;HARD;1;SSH OK - OpenSSH_7.2p2 Ubuntu-4ubuntu2.4 (protocol 2.0)
[1522857600] CURRENT SERVICE STATE: localhost;Swap Usage;OK;HARD;1;SWAP OK - 100% free (8191 MB out of 8191 MB)
[1522857600] CURRENT SERVICE STATE: localhost;Total Processes;OK;HARD;1;PROCS OK: 23 processes with STATE = RSZDT
[1522860669] Auto-save of retention data completed successfully.
[1522864269] Auto-save of retention data completed successfully.
[1522867869] Auto-save of retention data completed successfully.
[1522871469] Auto-save of retention data completed successfully.
[1522875069] Auto-save of retention data completed successfully.
[1522878669] Auto-save of retention data completed successfully.
[1522882269] Auto-save of retention data completed successfully.
[1522885869] Auto-save of retention data completed successfully.
[1522889469] Auto-save of retention data completed successfully.
[1522893069] Auto-save of retention data completed successfully.
[1522896669] Auto-save of retention data completed successfully.
[1522900269] Auto-save of retention data completed successfully.
[1522903869] Auto-save of retention data completed successfully.
[1522907469] Auto-save of retention data completed successfully.
[1522911069] Auto-save of retention data completed successfully.
[1522914669] Auto-save of retention data completed successfully.
[1522918269] Auto-save of retention data completed successfully.
[1522921869] Auto-save of retention data completed successfully.
[1522925469] Auto-save of retention data completed successfully.
[1522929069] Auto-save of retention data completed successfully.
[1522932669] Auto-save of retention data completed successfully.
[1522936269] Auto-save of retention data completed successfully.
[1522939869] Auto-save of retention data completed successfully.
[1522943469] Auto-save of retention data completed successfully.
