[1523116800] LOG ROTATION: DAILY
[1523116800] LOG VERSION: 2.0
[1523116800] CURRENT HOST STATE: localhost;UP;HARD;1;PING OK - Packet loss = 0%, RTA = 0.14 ms
[1523116800] CURRENT SERVICE STATE: localhost;Current Load;OK;HARD;1;OK - load average: 0.17, 0.26, 0.26
[1523116800] CURRENT SERVICE STATE: localhost;Current Users;OK;HARD;1;USERS OK - 0 users currently logged in
[1523116800] CURRENT SERVICE STATE: localhost;HTTP;OK;HARD;1;HTTP OK: HTTP/1.1 200 OK - 11595 bytes in 0.002 second response time
[1523116800] CURRENT SERVICE STATE: localhost;PING;OK;HARD;1;PING OK - Packet loss = 0%, RTA = 0.16 ms
[1523116800] CURRENT SERVICE STATE: localhost;Root Partition;OK;HARD;1;DISK OK - free space: / 127738 MB (89.05% inode=99%):
[1523116800] CURRENT SERVICE STATE: localhost;SSH;OK;HARD;1;SSH OK - OpenSSH_7.2p2 Ubuntu-4ubuntu2.4 (protocol 2.0)
[1523116800] CURRENT SERVICE STATE: localhost;Swap Usage;OK;HARD;1;SWAP OK - 100% free (8191 MB out of 8191 MB)
[1523116800] CURRENT SERVICE STATE: localhost;Total Processes;OK;HARD;1;PROCS OK: 23 processes with STATE = RSZDT
[1523119869] Auto-save of retention data completed successfully.
[1523123469] Auto-save of retention data completed successfully.
[1523127069] Auto-save of retention data completed successfully.
[1523130669] Auto-save of retention data completed successfully.
[1523134269] Auto-save of retention data completed successfully.
[1523137869] Auto-save of retention data completed successfully.
[1523141469] Auto-save of retention data completed successfully.
[1523145069] Auto-save of retention data completed successfully.
[1523148669] Auto-save of retention data completed successfully.
[1523152269] Auto-save of retention data completed successfully.
[1523155869] Auto-save of retention data completed successfully.
[1523159469] Auto-save of retention data completed successfully.
[1523163069] Auto-save of retention data completed successfully.
[1523166669] Auto-save of retention data completed successfully.
[1523170269] Auto-save of retention data completed successfully.
[1523173869] Auto-save of retention data completed successfully.
[1523177469] Auto-save of retention data completed successfully.
[1523181069] Auto-save of retention data completed successfully.
[1523184669] Auto-save of retention data completed successfully.
[1523188269] Auto-save of retention data completed successfully.
[1523191869] Auto-save of retention data completed successfully.
[1523195469] Auto-save of retention data completed successfully.
[1523199069] Auto-save of retention data completed successfully.
[1523202669] Auto-save of retention data completed successfully.
