[1523376000] LOG ROTATION: DAILY
[1523376000] LOG VERSION: 2.0
[1523376000] CURRENT HOST STATE: localhost;UP;HARD;1;PING OK - Packet loss = 0%, RTA = 0.12 ms
[1523376000] CURRENT SERVICE STATE: localhost;Current Load;OK;HARD;1;OK - load average: 0.13, 0.17, 0.18
[1523376000] CURRENT SERVICE STATE: localhost;Current Users;OK;HARD;1;USERS OK - 0 users currently logged in
[1523376000] CURRENT SERVICE STATE: localhost;HTTP;OK;HARD;1;HTTP OK: HTTP/1.1 200 OK - 11595 bytes in 0.002 second response time
[1523376000] CURRENT SERVICE STATE: localhost;PING;OK;HARD;1;PING OK - Packet loss = 0%, RTA = 0.15 ms
[1523376000] CURRENT SERVICE STATE: localhost;Root Partition;OK;HARD;1;DISK OK - free space: / 127339 MB (88.78% inode=99%):
[1523376000] CURRENT SERVICE STATE: localhost;SSH;OK;HARD;1;SSH OK - OpenSSH_7.2p2 Ubuntu-4ubuntu2.4 (protocol 2.0)
[1523376000] CURRENT SERVICE STATE: localhost;Swap Usage;OK;HARD;1;SWAP OK - 100% free (8191 MB out of 8191 MB)
[1523376000] CURRENT SERVICE STATE: localhost;Total Processes;OK;HARD;1;PROCS OK: 23 processes with STATE = RSZDT
[1523379069] Auto-save of retention data completed successfully.
[1523382669] Auto-save of retention data completed successfully.
[1523386269] Auto-save of retention data completed successfully.
[1523389869] Auto-save of retention data completed successfully.
[1523393469] Auto-save of retention data completed successfully.
[1523397069] Auto-save of retention data completed successfully.
[1523400669] Auto-save of retention data completed successfully.
[1523404269] Auto-save of retention data completed successfully.
[1523407869] Auto-save of retention data completed successfully.
[1523411469] Auto-save of retention data completed successfully.
[1523415069] Auto-save of retention data completed successfully.
[1523418669] Auto-save of retention data completed successfully.
[1523422269] Auto-save of retention data completed successfully.
[1523425869] Auto-save of retention data completed successfully.
[1523429469] Auto-save of retention data completed successfully.
[1523433069] Auto-save of retention data completed successfully.
[1523436669] Auto-save of retention data completed successfully.
[1523440269] Auto-save of retention data completed successfully.
[1523443869] Auto-save of retention data completed successfully.
[1523447469] Auto-save of retention data completed successfully.
[1523451069] Auto-save of retention data completed successfully.
[1523454669] Auto-save of retention data completed successfully.
[1523458269] Auto-save of retention data completed successfully.
[1523461869] Auto-save of retention data completed successfully.
