[1523203200] LOG ROTATION: DAILY
[1523203200] LOG VERSION: 2.0
[1523203200] CURRENT HOST STATE: localhost;UP;HARD;1;PING OK - Packet loss = 0%, RTA = 0.15 ms
[1523203200] CURRENT SERVICE STATE: localhost;Current Load;OK;HARD;1;OK - load average: 0.09, 0.25, 0.34
[1523203200] CURRENT SERVICE STATE: localhost;Current Users;OK;HARD;1;USERS OK - 0 users currently logged in
[1523203200] CURRENT SERVICE STATE: localhost;HTTP;OK;HARD;1;HTTP OK: HTTP/1.1 200 OK - 11595 bytes in 0.001 second response time
[1523203200] CURRENT SERVICE STATE: localhost;PING;OK;HARD;1;PING OK - Packet loss = 0%, RTA = 0.14 ms
[1523203200] CURRENT SERVICE STATE: localhost;Root Partition;OK;HARD;1;DISK OK - free space: / 127730 MB (89.05% inode=99%):
[1523203200] CURRENT SERVICE STATE: localhost;SSH;OK;HARD;1;SSH OK - OpenSSH_7.2p2 Ubuntu-4ubuntu2.4 (protocol 2.0)
[1523203200] CURRENT SERVICE STATE: localhost;Swap Usage;OK;HARD;1;SWAP OK - 100% free (8191 MB out of 8191 MB)
[1523203200] CURRENT SERVICE STATE: localhost;Total Processes;OK;HARD;1;PROCS OK: 23 processes with STATE = RSZDT
[1523206269] Auto-save of retention data completed successfully.
[1523209869] Auto-save of retention data completed successfully.
[1523213469] Auto-save of retention data completed successfully.
[1523217069] Auto-save of retention data completed successfully.
[1523220669] Auto-save of retention data completed successfully.
[1523224269] Auto-save of retention data completed successfully.
[1523227869] Auto-save of retention data completed successfully.
[1523231469] Auto-save of retention data completed successfully.
[1523235069] Auto-save of retention data completed successfully.
[1523238669] Auto-save of retention data completed successfully.
[1523242269] Auto-save of retention data completed successfully.
[1523245869] Auto-save of retention data completed successfully.
[1523249469] Auto-save of retention data completed successfully.
[1523253069] Auto-save of retention data completed successfully.
[1523256669] Auto-save of retention data completed successfully.
[1523260269] Auto-save of retention data completed successfully.
[1523263869] Auto-save of retention data completed successfully.
[1523267469] Auto-save of retention data completed successfully.
[1523271069] Auto-save of retention data completed successfully.
[1523274669] Auto-save of retention data completed successfully.
[1523278269] Auto-save of retention data completed successfully.
[1523281869] Auto-save of retention data completed successfully.
[1523285469] Auto-save of retention data completed successfully.
[1523289069] Auto-save of retention data completed successfully.
