[1523462400] LOG ROTATION: DAILY
[1523462400] LOG VERSION: 2.0
[1523462400] CURRENT HOST STATE: localhost;UP;HARD;1;PING OK - Packet loss = 0%, RTA = 0.13 ms
[1523462400] CURRENT SERVICE STATE: localhost;Current Load;OK;HARD;1;OK - load average: 0.34, 0.31, 0.34
[1523462400] CURRENT SERVICE STATE: localhost;Current Users;OK;HARD;1;USERS OK - 0 users currently logged in
[1523462400] CURRENT SERVICE STATE: localhost;HTTP;OK;HARD;1;HTTP OK: HTTP/1.1 200 OK - 11595 bytes in 0.002 second response time
[1523462400] CURRENT SERVICE STATE: localhost;PING;OK;HARD;1;PING OK - Packet loss = 0%, RTA = 0.12 ms
[1523462400] CURRENT SERVICE STATE: localhost;Root Partition;OK;HARD;1;DISK OK - free space: / 127325 MB (88.77% inode=99%):
[1523462400] CURRENT SERVICE STATE: localhost;SSH;OK;HARD;1;SSH OK - OpenSSH_7.2p2 Ubuntu-4ubuntu2.4 (protocol 2.0)
[1523462400] CURRENT SERVICE STATE: localhost;Swap Usage;OK;HARD;1;SWAP OK - 100% free (8191 MB out of 8191 MB)
[1523462400] CURRENT SERVICE STATE: localhost;Total Processes;OK;HARD;1;PROCS OK: 23 processes with STATE = RSZDT
[1523465469] Auto-save of retention data completed successfully.
[1523469069] Auto-save of retention data completed successfully.
[1523472669] Auto-save of retention data completed successfully.
[1523476269] Auto-save of retention data completed successfully.
[1523479869] Auto-save of retention data completed successfully.
[1523483469] Auto-save of retention data completed successfully.
[1523487069] Auto-save of retention data completed successfully.
[1523490669] Auto-save of retention data completed successfully.
[1523494269] Auto-save of retention data completed successfully.
[1523497869] Auto-save of retention data completed successfully.
[1523501469] Auto-save of retention data completed successfully.
[1523505069] Auto-save of retention data completed successfully.
[1523508669] Auto-save of retention data completed successfully.
[1523512269] Auto-save of retention data completed successfully.
[1523515869] Auto-save of retention data completed successfully.
[1523518229] Nagios 4.3.4 starting... (PID=203)
[1523518229] Local time is Thu Apr 12 15:30:29 CST 2018
[1523518229] LOG VERSION: 2.0
[1523518229] qh: Socket '/usr/local/nagios/var/rw/nagios.qh' successfully initialized
[1523518229] qh: core query handler registered
[1523518229] nerd: Channel hostchecks registered successfully
[1523518229] nerd: Channel servicechecks registered successfully
[1523518229] nerd: Channel opathchecks registered successfully
[1523518229] nerd: Fully initialized and ready to rock!
[1523518229] wproc: Successfully registered manager as @wproc with query handler
[1523518229] wproc: Registry request: name=Core Worker 205;pid=205
[1523518229] wproc: Registry request: name=Core Worker 209;pid=209
[1523518229] wproc: Registry request: name=Core Worker 206;pid=206
[1523518229] wproc: Registry request: name=Core Worker 207;pid=207
[1523518229] wproc: Registry request: name=Core Worker 210;pid=210
[1523518229] wproc: Registry request: name=Core Worker 211;pid=211
[1523518229] wproc: Registry request: name=Core Worker 212;pid=212
[1523518229] wproc: Registry request: name=Core Worker 214;pid=214
[1523518229] wproc: Registry request: name=Core Worker 213;pid=213
[1523518229] wproc: Registry request: name=Core Worker 215;pid=215
[1523518229] wproc: Registry request: name=Core Worker 216;pid=216
[1523518229] wproc: Registry request: name=Core Worker 217;pid=217
[1523518229] Successfully launched command file worker with pid 232
[1523520870] Nagios 4.3.4 starting... (PID=202)
[1523520870] Local time is Thu Apr 12 16:14:30 CST 2018
[1523520870] LOG VERSION: 2.0
[1523520870] qh: Socket '/usr/local/nagios/var/rw/nagios.qh' successfully initialized
[1523520870] qh: core query handler registered
[1523520870] nerd: Channel hostchecks registered successfully
[1523520870] nerd: Channel servicechecks registered successfully
[1523520870] nerd: Channel opathchecks registered successfully
[1523520870] nerd: Fully initialized and ready to rock!
[1523520870] wproc: Successfully registered manager as @wproc with query handler
[1523520870] wproc: Registry request: name=Core Worker 205;pid=205
[1523520870] wproc: Registry request: name=Core Worker 207;pid=207
[1523520870] wproc: Registry request: name=Core Worker 208;pid=208
[1523520870] wproc: Registry request: name=Core Worker 209;pid=209
[1523520870] wproc: Registry request: name=Core Worker 206;pid=206
[1523520870] wproc: Registry request: name=Core Worker 211;pid=211
[1523520870] wproc: Registry request: name=Core Worker 212;pid=212
[1523520870] wproc: Registry request: name=Core Worker 215;pid=215
[1523520870] wproc: Registry request: name=Core Worker 217;pid=217
[1523520870] wproc: Registry request: name=Core Worker 210;pid=210
[1523520870] wproc: Registry request: name=Core Worker 216;pid=216
[1523520870] wproc: Registry request: name=Core Worker 213;pid=213
[1523520871] Successfully launched command file worker with pid 244
[1523521114] Nagios 4.3.4 starting... (PID=201)
[1523521114] Local time is Thu Apr 12 16:18:34 CST 2018
[1523521114] LOG VERSION: 2.0
[1523521114] qh: Socket '/usr/local/nagios/var/rw/nagios.qh' successfully initialized
[1523521114] qh: core query handler registered
[1523521114] nerd: Channel hostchecks registered successfully
[1523521114] nerd: Channel servicechecks registered successfully
[1523521114] nerd: Channel opathchecks registered successfully
[1523521114] nerd: Fully initialized and ready to rock!
[1523521114] wproc: Successfully registered manager as @wproc with query handler
[1523521114] wproc: Registry request: name=Core Worker 203;pid=203
[1523521114] wproc: Registry request: name=Core Worker 205;pid=205
[1523521114] wproc: Registry request: name=Core Worker 206;pid=206
[1523521114] wproc: Registry request: name=Core Worker 207;pid=207
[1523521114] wproc: Registry request: name=Core Worker 213;pid=213
[1523521114] wproc: Registry request: name=Core Worker 215;pid=215
[1523521114] wproc: Registry request: name=Core Worker 208;pid=208
[1523521114] wproc: Registry request: name=Core Worker 210;pid=210
[1523521114] wproc: Registry request: name=Core Worker 209;pid=209
[1523521114] wproc: Registry request: name=Core Worker 212;pid=212
[1523521114] wproc: Registry request: name=Core Worker 214;pid=214
[1523521114] wproc: Registry request: name=Core Worker 211;pid=211
[1523521114] Successfully launched command file worker with pid 243
[1523524585] Nagios 4.3.4 starting... (PID=201)
[1523524585] Local time is Thu Apr 12 17:16:25 CST 2018
[1523524585] LOG VERSION: 2.0
[1523524585] qh: Socket '/usr/local/nagios/var/rw/nagios.qh' successfully initialized
[1523524585] qh: core query handler registered
[1523524585] nerd: Channel hostchecks registered successfully
[1523524585] nerd: Channel servicechecks registered successfully
[1523524585] nerd: Channel opathchecks registered successfully
[1523524585] nerd: Fully initialized and ready to rock!
[1523524585] wproc: Successfully registered manager as @wproc with query handler
[1523524585] wproc: Registry request: name=Core Worker 203;pid=203
[1523524585] wproc: Registry request: name=Core Worker 204;pid=204
[1523524585] wproc: Registry request: name=Core Worker 205;pid=205
[1523524585] wproc: Registry request: name=Core Worker 211;pid=211
[1523524585] wproc: Registry request: name=Core Worker 208;pid=208
[1523524585] wproc: Registry request: name=Core Worker 214;pid=214
[1523524585] wproc: Registry request: name=Core Worker 215;pid=215
[1523524585] wproc: Registry request: name=Core Worker 209;pid=209
[1523524585] wproc: Registry request: name=Core Worker 216;pid=216
[1523524585] wproc: Registry request: name=Core Worker 210;pid=210
[1523524585] wproc: Registry request: name=Core Worker 212;pid=212
[1523524585] wproc: Registry request: name=Core Worker 207;pid=207
[1523524587] Successfully launched command file worker with pid 257
[1523525275] Nagios 4.3.4 starting... (PID=201)
[1523525275] Local time is Thu Apr 12 17:27:55 CST 2018
[1523525275] LOG VERSION: 2.0
[1523525275] qh: Socket '/usr/local/nagios/var/rw/nagios.qh' successfully initialized
[1523525275] qh: core query handler registered
[1523525275] nerd: Channel hostchecks registered successfully
[1523525275] nerd: Channel servicechecks registered successfully
[1523525275] nerd: Channel opathchecks registered successfully
[1523525275] nerd: Fully initialized and ready to rock!
[1523525275] wproc: Successfully registered manager as @wproc with query handler
[1523525275] wproc: Registry request: name=Core Worker 204;pid=204
[1523525275] wproc: Registry request: name=Core Worker 205;pid=205
[1523525275] wproc: Registry request: name=Core Worker 206;pid=206
[1523525275] wproc: Registry request: name=Core Worker 212;pid=212
[1523525275] wproc: Registry request: name=Core Worker 209;pid=209
[1523525275] wproc: Registry request: name=Core Worker 208;pid=208
[1523525275] wproc: Registry request: name=Core Worker 211;pid=211
[1523525275] wproc: Registry request: name=Core Worker 207;pid=207
[1523525275] wproc: Registry request: name=Core Worker 216;pid=216
[1523525275] wproc: Registry request: name=Core Worker 213;pid=213
[1523525275] wproc: Registry request: name=Core Worker 210;pid=210
[1523525275] wproc: Registry request: name=Core Worker 215;pid=215
[1523525275] Successfully launched command file worker with pid 244
[1523526105] Nagios 4.3.4 starting... (PID=203)
[1523526105] Local time is Thu Apr 12 17:41:45 CST 2018
[1523526105] LOG VERSION: 2.0
[1523526105] qh: Socket '/usr/local/nagios/var/rw/nagios.qh' successfully initialized
[1523526105] qh: core query handler registered
[1523526105] nerd: Channel hostchecks registered successfully
[1523526105] nerd: Channel servicechecks registered successfully
[1523526105] nerd: Channel opathchecks registered successfully
[1523526105] nerd: Fully initialized and ready to rock!
[1523526105] wproc: Successfully registered manager as @wproc with query handler
[1523526105] wproc: Registry request: name=Core Worker 207;pid=207
[1523526105] wproc: Registry request: name=Core Worker 205;pid=205
[1523526105] wproc: Registry request: name=Core Worker 209;pid=209
[1523526105] wproc: Registry request: name=Core Worker 210;pid=210
[1523526105] wproc: Registry request: name=Core Worker 211;pid=211
[1523526105] wproc: Registry request: name=Core Worker 208;pid=208
[1523526105] wproc: Registry request: name=Core Worker 214;pid=214
[1523526105] wproc: Registry request: name=Core Worker 215;pid=215
[1523526105] wproc: Registry request: name=Core Worker 213;pid=213
[1523526105] wproc: Registry request: name=Core Worker 217;pid=217
[1523526105] wproc: Registry request: name=Core Worker 218;pid=218
[1523526105] wproc: Registry request: name=Core Worker 212;pid=212
[1523526105] Successfully launched command file worker with pid 246
[1523526185] Nagios 4.3.4 starting... (PID=201)
[1523526185] Local time is Thu Apr 12 17:43:05 CST 2018
[1523526185] LOG VERSION: 2.0
[1523526185] qh: Socket '/usr/local/nagios/var/rw/nagios.qh' successfully initialized
[1523526185] qh: core query handler registered
[1523526185] nerd: Channel hostchecks registered successfully
[1523526185] nerd: Channel servicechecks registered successfully
[1523526185] nerd: Channel opathchecks registered successfully
[1523526185] nerd: Fully initialized and ready to rock!
[1523526185] wproc: Successfully registered manager as @wproc with query handler
[1523526185] wproc: Registry request: name=Core Worker 204;pid=204
[1523526185] wproc: Registry request: name=Core Worker 205;pid=205
[1523526185] wproc: Registry request: name=Core Worker 206;pid=206
[1523526185] wproc: Registry request: name=Core Worker 207;pid=207
[1523526185] wproc: Registry request: name=Core Worker 209;pid=209
[1523526185] wproc: Registry request: name=Core Worker 211;pid=211
[1523526185] wproc: Registry request: name=Core Worker 210;pid=210
[1523526185] wproc: Registry request: name=Core Worker 215;pid=215
[1523526185] wproc: Registry request: name=Core Worker 213;pid=213
[1523526185] wproc: Registry request: name=Core Worker 216;pid=216
[1523526185] wproc: Registry request: name=Core Worker 214;pid=214
[1523526185] wproc: Registry request: name=Core Worker 208;pid=208
[1523526186] Successfully launched command file worker with pid 243
[1523526329] Nagios 4.3.4 starting... (PID=201)
[1523526329] Local time is Thu Apr 12 17:45:29 CST 2018
[1523526329] LOG VERSION: 2.0
[1523526329] qh: Socket '/usr/local/nagios/var/rw/nagios.qh' successfully initialized
[1523526329] qh: core query handler registered
[1523526329] nerd: Channel hostchecks registered successfully
[1523526329] nerd: Channel servicechecks registered successfully
[1523526329] nerd: Channel opathchecks registered successfully
[1523526329] nerd: Fully initialized and ready to rock!
[1523526329] wproc: Successfully registered manager as @wproc with query handler
[1523526329] wproc: Registry request: name=Core Worker 204;pid=204
[1523526329] wproc: Registry request: name=Core Worker 205;pid=205
[1523526329] wproc: Registry request: name=Core Worker 206;pid=206
[1523526329] wproc: Registry request: name=Core Worker 210;pid=210
[1523526329] wproc: Registry request: name=Core Worker 212;pid=212
[1523526329] wproc: Registry request: name=Core Worker 213;pid=213
[1523526329] wproc: Registry request: name=Core Worker 208;pid=208
[1523526329] wproc: Registry request: name=Core Worker 215;pid=215
[1523526329] wproc: Registry request: name=Core Worker 214;pid=214
[1523526329] wproc: Registry request: name=Core Worker 209;pid=209
[1523526329] wproc: Registry request: name=Core Worker 211;pid=211
[1523526329] wproc: Registry request: name=Core Worker 216;pid=216
[1523526330] Successfully launched command file worker with pid 243
[1523526614] Nagios 4.3.4 starting... (PID=201)
[1523526614] Local time is Thu Apr 12 17:50:14 CST 2018
[1523526614] LOG VERSION: 2.0
[1523526614] qh: Socket '/usr/local/nagios/var/rw/nagios.qh' successfully initialized
[1523526614] qh: core query handler registered
[1523526614] nerd: Channel hostchecks registered successfully
[1523526614] nerd: Channel servicechecks registered successfully
[1523526614] nerd: Channel opathchecks registered successfully
[1523526614] nerd: Fully initialized and ready to rock!
[1523526614] wproc: Successfully registered manager as @wproc with query handler
[1523526614] wproc: Registry request: name=Core Worker 203;pid=203
[1523526614] wproc: Registry request: name=Core Worker 206;pid=206
[1523526614] wproc: Registry request: name=Core Worker 207;pid=207
[1523526614] wproc: Registry request: name=Core Worker 210;pid=210
[1523526614] wproc: Registry request: name=Core Worker 212;pid=212
[1523526614] wproc: Registry request: name=Core Worker 205;pid=205
[1523526614] wproc: Registry request: name=Core Worker 209;pid=209
[1523526614] wproc: Registry request: name=Core Worker 215;pid=215
[1523526614] wproc: Registry request: name=Core Worker 204;pid=204
[1523526614] wproc: Registry request: name=Core Worker 213;pid=213
[1523526614] wproc: Registry request: name=Core Worker 214;pid=214
[1523526614] wproc: Registry request: name=Core Worker 211;pid=211
[1523526615] Successfully launched command file worker with pid 244
[1523530214] Auto-save of retention data completed successfully.
[1523533814] Auto-save of retention data completed successfully.
[1523537414] Auto-save of retention data completed successfully.
[1523541014] Auto-save of retention data completed successfully.
[1523544614] Auto-save of retention data completed successfully.
[1523548214] Auto-save of retention data completed successfully.
