[1523289600] LOG ROTATION: DAILY
[1523289600] LOG VERSION: 2.0
[1523289600] CURRENT HOST STATE: localhost;UP;HARD;1;PING OK - Packet loss = 0%, RTA = 0.12 ms
[1523289600] CURRENT SERVICE STATE: localhost;Current Load;OK;HARD;1;OK - load average: 0.13, 0.57, 0.63
[1523289600] CURRENT SERVICE STATE: localhost;Current Users;OK;HARD;1;USERS OK - 0 users currently logged in
[1523289600] CURRENT SERVICE STATE: localhost;HTTP;OK;HARD;1;HTTP OK: HTTP/1.1 200 OK - 11595 bytes in 0.002 second response time
[1523289600] CURRENT SERVICE STATE: localhost;PING;OK;HARD;1;PING OK - Packet loss = 0%, RTA = 0.13 ms
[1523289600] CURRENT SERVICE STATE: localhost;Root Partition;OK;HARD;1;DISK OK - free space: / 127530 MB (88.91% inode=99%):
[1523289600] CURRENT SERVICE STATE: localhost;SSH;OK;HARD;1;SSH OK - OpenSSH_7.2p2 Ubuntu-4ubuntu2.4 (protocol 2.0)
[1523289600] CURRENT SERVICE STATE: localhost;Swap Usage;OK;HARD;1;SWAP OK - 100% free (8191 MB out of 8191 MB)
[1523289600] CURRENT SERVICE STATE: localhost;Total Processes;OK;HARD;1;PROCS OK: 23 processes with STATE = RSZDT
[1523292669] Auto-save of retention data completed successfully.
[1523296269] Auto-save of retention data completed successfully.
[1523299869] Auto-save of retention data completed successfully.
[1523303469] Auto-save of retention data completed successfully.
[1523307069] Auto-save of retention data completed successfully.
[1523310669] Auto-save of retention data completed successfully.
[1523314269] Auto-save of retention data completed successfully.
[1523317869] Auto-save of retention data completed successfully.
[1523321469] Auto-save of retention data completed successfully.
[1523325069] Auto-save of retention data completed successfully.
[1523328669] Auto-save of retention data completed successfully.
[1523332269] Auto-save of retention data completed successfully.
[1523335869] Auto-save of retention data completed successfully.
[1523339469] Auto-save of retention data completed successfully.
[1523343069] Auto-save of retention data completed successfully.
[1523346669] Auto-save of retention data completed successfully.
[1523350269] Auto-save of retention data completed successfully.
[1523353869] Auto-save of retention data completed successfully.
[1523357469] Auto-save of retention data completed successfully.
[1523361069] Auto-save of retention data completed successfully.
[1523364669] Auto-save of retention data completed successfully.
[1523368269] Auto-save of retention data completed successfully.
[1523371869] Auto-save of retention data completed successfully.
[1523375469] Auto-save of retention data completed successfully.
