[1522944000] LOG ROTATION: DAILY
[1522944000] LOG VERSION: 2.0
[1522944000] CURRENT HOST STATE: localhost;UP;HARD;1;PING OK - Packet loss = 0%, RTA = 0.14 ms
[1522944000] CURRENT SERVICE STATE: localhost;Current Load;OK;HARD;1;OK - load average: 0.03, 0.14, 0.21
[1522944000] CURRENT SERVICE STATE: localhost;Current Users;OK;HARD;1;USERS OK - 0 users currently logged in
[1522944000] CURRENT SERVICE STATE: localhost;HTTP;OK;HARD;1;HTTP OK: HTTP/1.1 200 OK - 11595 bytes in 0.001 second response time
[1522944000] CURRENT SERVICE STATE: localhost;PING;OK;HARD;1;PING OK - Packet loss = 0%, RTA = 0.14 ms
[1522944000] CURRENT SERVICE STATE: localhost;Root Partition;OK;HARD;1;DISK OK - free space: / 127771 MB (89.08% inode=99%):
[1522944000] CURRENT SERVICE STATE: localhost;SSH;OK;HARD;1;SSH OK - OpenSSH_7.2p2 Ubuntu-4ubuntu2.4 (protocol 2.0)
[1522944000] CURRENT SERVICE STATE: localhost;Swap Usage;OK;HARD;1;SWAP OK - 100% free (8191 MB out of 8191 MB)
[1522944000] CURRENT SERVICE STATE: localhost;Total Processes;OK;HARD;1;PROCS OK: 23 processes with STATE = RSZDT
[1522947069] Auto-save of retention data completed successfully.
[1522950669] Auto-save of retention data completed successfully.
[1522954269] Auto-save of retention data completed successfully.
[1522957869] Auto-save of retention data completed successfully.
[1522961469] Auto-save of retention data completed successfully.
[1522965069] Auto-save of retention data completed successfully.
[1522968669] Auto-save of retention data completed successfully.
[1522972269] Auto-save of retention data completed successfully.
[1522975869] Auto-save of retention data completed successfully.
[1522979469] Auto-save of retention data completed successfully.
[1522983069] Auto-save of retention data completed successfully.
[1522986669] Auto-save of retention data completed successfully.
[1522990269] Auto-save of retention data completed successfully.
[1522993869] Auto-save of retention data completed successfully.
[1522997469] Auto-save of retention data completed successfully.
[1523001069] Auto-save of retention data completed successfully.
[1523004669] Auto-save of retention data completed successfully.
[1523008269] Auto-save of retention data completed successfully.
[1523011869] Auto-save of retention data completed successfully.
[1523015469] Auto-save of retention data completed successfully.
[1523019069] Auto-save of retention data completed successfully.
[1523022669] Auto-save of retention data completed successfully.
[1523026269] Auto-save of retention data completed successfully.
[1523029869] Auto-save of retention data completed successfully.
