[1523030400] LOG ROTATION: DAILY
[1523030400] LOG VERSION: 2.0
[1523030400] CURRENT HOST STATE: localhost;UP;HARD;1;PING OK - Packet loss = 0%, RTA = 0.16 ms
[1523030400] CURRENT SERVICE STATE: localhost;Current Load;OK;HARD;1;OK - load average: 0.16, 0.46, 0.43
[1523030400] CURRENT SERVICE STATE: localhost;Current Users;OK;HARD;1;USERS OK - 0 users currently logged in
[1523030400] CURRENT SERVICE STATE: localhost;HTTP;OK;HARD;1;HTTP OK: HTTP/1.1 200 OK - 11595 bytes in 0.001 second response time
[1523030400] CURRENT SERVICE STATE: localhost;PING;OK;HARD;1;PING OK - Packet loss = 0%, RTA = 0.14 ms
[1523030400] CURRENT SERVICE STATE: localhost;Root Partition;OK;HARD;1;DISK OK - free space: / 127752 MB (89.06% inode=99%):
[1523030400] CURRENT SERVICE STATE: localhost;SSH;OK;HARD;1;SSH OK - OpenSSH_7.2p2 Ubuntu-4ubuntu2.4 (protocol 2.0)
[1523030400] CURRENT SERVICE STATE: localhost;Swap Usage;OK;HARD;1;SWAP OK - 100% free (8191 MB out of 8191 MB)
[1523030400] CURRENT SERVICE STATE: localhost;Total Processes;OK;HARD;1;PROCS OK: 23 processes with STATE = RSZDT
[1523033469] Auto-save of retention data completed successfully.
[1523037069] Auto-save of retention data completed successfully.
[1523040669] Auto-save of retention data completed successfully.
[1523044269] Auto-save of retention data completed successfully.
[1523047869] Auto-save of retention data completed successfully.
[1523051469] Auto-save of retention data completed successfully.
[1523055069] Auto-save of retention data completed successfully.
[1523058669] Auto-save of retention data completed successfully.
[1523062269] Auto-save of retention data completed successfully.
[1523065869] Auto-save of retention data completed successfully.
[1523069469] Auto-save of retention data completed successfully.
[1523073069] Auto-save of retention data completed successfully.
[1523076669] Auto-save of retention data completed successfully.
[1523080269] Auto-save of retention data completed successfully.
[1523083869] Auto-save of retention data completed successfully.
[1523087469] Auto-save of retention data completed successfully.
[1523091069] Auto-save of retention data completed successfully.
[1523094669] Auto-save of retention data completed successfully.
[1523098269] Auto-save of retention data completed successfully.
[1523101869] Auto-save of retention data completed successfully.
[1523105469] Auto-save of retention data completed successfully.
[1523109069] Auto-save of retention data completed successfully.
[1523112669] Auto-save of retention data completed successfully.
[1523116269] Auto-save of retention data completed successfully.
